<?xml version="1.0" encoding="utf-8"?><testsuites name="pytest tests"><testsuite name="pytest" errors="0" failures="0" skipped="0" tests="22" time="4.563" timestamp="2026-03-07T19:42:07.446810+00:00" hostname="agent-env-568eac91-c492-4dfe-a04a-60f68bdb1bb0"><testcase classname="tests.test_super_prompt_features.TestSubscriberAuth" name="test_subscriber_login_success" time="0.414" /><testcase classname="tests.test_super_prompt_features.TestSubscriberAuth" name="test_subscriber_profile_returns_greeting_info" time="0.462" /><testcase classname="tests.test_super_prompt_features.TestSubscriberAuth" name="test_mentor_login_success" time="0.346" /><testcase classname="tests.test_super_prompt_features.TestMessageFeedback" name="test_feedback_like_with_json_body" time="0.364" /><testcase classname="tests.test_super_prompt_features.TestMessageFeedback" name="test_feedback_dislike_with_json_body" time="0.104" /><testcase classname="tests.test_super_prompt_features.TestMessageFeedback" name="test_feedback_none_toggle_off" time="0.105" /><testcase classname="tests.test_super_prompt_features.TestMessageFeedback" name="test_feedback_nonexistent_message_returns_404" time="0.123" /><testcase classname="tests.test_super_prompt_features.TestMessageFeedback" name="test_feedback_requires_auth" time="0.103" /><testcase classname="tests.test_super_prompt_features.TestMessageFeedback" name="test_feedback_persisted_in_db" time="0.446" /><testcase classname="tests.test_super_prompt_features.TestAiInsights" name="test_ai_insights_returns_200_for_mentor" time="0.432" /><testcase classname="tests.test_super_prompt_features.TestAiInsights" name="test_ai_insights_response_structure" time="0.122" /><testcase classname="tests.test_super_prompt_features.TestAiInsights" name="test_ai_insights_denied_for_subscriber" time="0.151" /><testcase classname="tests.test_super_prompt_features.TestAiInsights" name="test_ai_insights_requires_auth" time="0.111" /><testcase classname="tests.test_super_prompt_features.TestContentUpload" name="test_docx_upload_accepted" time="0.164" /><testcase classname="tests.test_super_prompt_features.TestContentUpload" name="test_pdf_upload_accepted" time="0.185" /><testcase classname="tests.test_super_prompt_features.TestContentUpload" name="test_upload_requires_mentor_auth" time="0.112" /><testcase classname="tests.test_super_prompt_features.TestContentUpload" name="test_unsupported_format_rejected" time="0.129" /><testcase classname="tests.test_super_prompt_features.TestMentorProfile" name="test_mentor_profile_loads" time="0.106" /><testcase classname="tests.test_super_prompt_features.TestMentorProfile" name="test_mentor_avatar_upload_requires_image" time="0.113" /><testcase classname="tests.test_super_prompt_features.TestMentorProfile" name="test_mentor_avatar_endpoint_accepts_jpeg" time="0.119" /><testcase classname="tests.test_super_prompt_features.TestMentorsList" name="test_mentors_list_returns_200" time="0.140" /><testcase classname="tests.test_super_prompt_features.TestMentorsList" name="test_mentors_list_has_avatar_url_field" time="0.152" /></testsuite></testsuites>